[1115/101722:ERROR:process_info.cc(608)] range at 0xff2ab000, size 0x230 fully unreadable
[1115/101722:ERROR:process_info.cc(608)] range at 0xff2af000, size 0xf84 fully unreadable
[1115/101722:ERROR:process_info.cc(608)] range at 0xff2aa000, size 0xf84 fully unreadable
[1115/101722:ERROR:process_info.cc(608)] range at 0xff2a7000, size 0xf84 fully unreadable
[1115/101722:ERROR:process_info.cc(608)] range at 0xff17f000, size 0xf84 fully unreadable
[1115/101722:ERROR:process_info.cc(608)] range at 0xff17c000, size 0xf84 fully unreadable
[1115/101722:ERROR:process_info.cc(608)] range at 0xff179000, size 0xf84 fully unreadable
[1115/101722:ERROR:process_info.cc(608)] range at 0xff176000, size 0xf84 fully unreadable
[1115/101722:ERROR:process_info.cc(608)] range at 0xff173000, size 0xf84 fully unreadable
[1115/101722:ERROR:process_info.cc(608)] range at 0xff170000, size 0xf84 fully unreadable
[1115/101722:ERROR:process_info.cc(608)] range at 0xff16d000, size 0xf84 fully unreadable
[1115/101722:ERROR:process_info.cc(608)] range at 0xff16a000, size 0xf84 fully unreadable
[1115/101722:ERROR:process_info.cc(608)] range at 0xff161000, size 0xf84 fully unreadable
[1115/101722:ERROR:process_info.cc(608)] range at 0xff15b000, size 0xf84 fully unreadable
[1115/101722:ERROR:process_info.cc(608)] range at 0xff164000, size 0xf84 fully unreadable
[1115/101722:ERROR:process_info.cc(608)] range at 0xff167000, size 0xf84 fully unreadable
[1115/101722:ERROR:process_info.cc(608)] range at 0xff15e000, size 0xf84 fully unreadable
[0329/105543.472:ERROR:process_info.cc(625)] range at 0xfede4000, size 0x230 fully unreadable
[0329/105543.526:ERROR:process_info.cc(625)] range at 0xfedef000, size 0xf84 fully unreadable
[0329/105543.526:ERROR:process_info.cc(625)] range at 0xfede9000, size 0xf84 fully unreadable
[0329/105543.526:ERROR:process_info.cc(625)] range at 0xfecbf000, size 0xf84 fully unreadable
[0329/105543.527:ERROR:process_info.cc(625)] range at 0xfecbc000, size 0xf84 fully unreadable
[0329/105543.527:ERROR:process_info.cc(625)] range at 0xfecb6000, size 0xf84 fully unreadable
[0329/105543.527:ERROR:process_info.cc(625)] range at 0xfecb3000, size 0xf84 fully unreadable
[0329/105543.527:ERROR:process_info.cc(625)] range at 0xfecb0000, size 0xf84 fully unreadable
[0329/105543.527:ERROR:process_info.cc(625)] range at 0xfecad000, size 0xf84 fully unreadable
[0329/105543.527:ERROR:process_info.cc(625)] range at 0xfecaa000, size 0xf84 fully unreadable
[0329/105543.527:ERROR:process_info.cc(625)] range at 0xfeca7000, size 0xf84 fully unreadable
[0329/105543.528:ERROR:process_info.cc(625)] range at 0xfeca4000, size 0xf84 fully unreadable
[0329/105543.528:ERROR:process_info.cc(625)] range at 0xfeca1000, size 0xf84 fully unreadable
[0329/105543.528:ERROR:process_info.cc(625)] range at 0xfec9e000, size 0xf84 fully unreadable
[0329/105543.528:ERROR:process_info.cc(625)] range at 0xfec9b000, size 0xf84 fully unreadable
[0329/105543.528:ERROR:process_info.cc(625)] range at 0xfec98000, size 0xf84 fully unreadable
[0329/105543.528:ERROR:process_info.cc(625)] range at 0xfec95000, size 0xf84 fully unreadable
[0329/105543.528:ERROR:process_info.cc(625)] range at 0xfec92000, size 0xf84 fully unreadable
[0329/105543.529:ERROR:process_info.cc(625)] range at 0xfec8f000, size 0xf84 fully unreadable
[0329/105543.529:ERROR:process_info.cc(625)] range at 0xfec8c000, size 0xf84 fully unreadable
[0329/105543.529:ERROR:process_info.cc(625)] range at 0xfec89000, size 0xf84 fully unreadable
[0329/105543.529:ERROR:process_info.cc(625)] range at 0xfec86000, size 0xf84 fully unreadable
[0329/105543.529:ERROR:process_info.cc(625)] range at 0xfec83000, size 0xf84 fully unreadable
[0329/105543.529:ERROR:process_info.cc(625)] range at 0xfec7d000, size 0xf84 fully unreadable
[0329/105543.529:ERROR:process_info.cc(625)] range at 0xfec7a000, size 0xf84 fully unreadable
[0329/105543.530:ERROR:process_info.cc(625)] range at 0xfec77000, size 0xf84 fully unreadable
[0329/105543.530:ERROR:process_info.cc(625)] range at 0xfec74000, size 0xf84 fully unreadable
[0329/105543.530:ERROR:process_info.cc(625)] range at 0xfec71000, size 0xf84 fully unreadable
[0329/105543.530:ERROR:process_info.cc(625)] range at 0xfec6e000, size 0xf84 fully unreadable
[0329/105543.530:ERROR:process_info.cc(625)] range at 0xfec6b000, size 0xf84 fully unreadable
[0329/105543.530:ERROR:process_info.cc(625)] range at 0xfec68000, size 0xf84 fully unreadable
[0329/105543.531:ERROR:process_info.cc(625)] range at 0xfec65000, size 0xf84 fully unreadable
[0329/105543.531:ERROR:process_info.cc(625)] range at 0xfec62000, size 0xf84 fully unreadable
[0329/105543.531:ERROR:process_info.cc(625)] range at 0xfec5f000, size 0xf84 fully unreadable
[0329/105543.531:ERROR:process_info.cc(625)] range at 0xfec5c000, size 0xf84 fully unreadable
[0329/105543.531:ERROR:process_info.cc(625)] range at 0xfec80000, size 0xf84 fully unreadable
[0329/105543.531:ERROR:process_info.cc(625)] range at 0xfec56000, size 0xf84 fully unreadable
[0329/105543.531:ERROR:process_info.cc(625)] range at 0xfec53000, size 0xf84 fully unreadable
[0329/105543.532:ERROR:process_info.cc(625)] range at 0xfec50000, size 0xf84 fully unreadable
[0329/105543.532:ERROR:process_info.cc(625)] range at 0xfec4d000, size 0xf84 fully unreadable
[0329/105543.532:ERROR:process_info.cc(625)] range at 0xfec4a000, size 0xf84 fully unreadable
[0329/105543.532:ERROR:process_info.cc(625)] range at 0xfecb9000, size 0xf84 fully unreadable
[0405/110753.075:ERROR:process_info.cc(625)] range at 0xfed7d000, size 0x230 fully unreadable
[0405/110753.130:ERROR:process_info.cc(625)] range at 0xfed7c000, size 0xf84 fully unreadable
[0405/110753.131:ERROR:process_info.cc(625)] range at 0xfed77000, size 0xf84 fully unreadable
[0405/110753.131:ERROR:process_info.cc(625)] range at 0xfec4c000, size 0xf84 fully unreadable
[0405/110753.131:ERROR:process_info.cc(625)] range at 0xfec46000, size 0xf84 fully unreadable
[0405/110753.131:ERROR:process_info.cc(625)] range at 0xfec43000, size 0xf84 fully unreadable
[0405/110753.131:ERROR:process_info.cc(625)] range at 0xfec40000, size 0xf84 fully unreadable
[0405/110753.131:ERROR:process_info.cc(625)] range at 0xfec3d000, size 0xf84 fully unreadable
[0405/110753.131:ERROR:process_info.cc(625)] range at 0xfec3a000, size 0xf84 fully unreadable
[0405/110753.132:ERROR:process_info.cc(625)] range at 0xfec37000, size 0xf84 fully unreadable
[0405/110753.132:ERROR:process_info.cc(625)] range at 0xfec34000, size 0xf84 fully unreadable
[0405/110753.132:ERROR:process_info.cc(625)] range at 0xfec31000, size 0xf84 fully unreadable
[0405/110753.132:ERROR:process_info.cc(625)] range at 0xfec2e000, size 0xf84 fully unreadable
[0405/110753.132:ERROR:process_info.cc(625)] range at 0xfec2b000, size 0xf84 fully unreadable
[0405/110753.132:ERROR:process_info.cc(625)] range at 0xfec28000, size 0xf84 fully unreadable
[0405/110753.132:ERROR:process_info.cc(625)] range at 0xfec25000, size 0xf84 fully unreadable
[0405/110753.132:ERROR:process_info.cc(625)] range at 0xfec22000, size 0xf84 fully unreadable
[0405/110753.133:ERROR:process_info.cc(625)] range at 0xfec1f000, size 0xf84 fully unreadable
[0405/110753.133:ERROR:process_info.cc(625)] range at 0xfec1c000, size 0xf84 fully unreadable
[0405/110753.133:ERROR:process_info.cc(625)] range at 0xfec19000, size 0xf84 fully unreadable
[0405/110753.133:ERROR:process_info.cc(625)] range at 0xfec16000, size 0xf84 fully unreadable
[0405/110753.133:ERROR:process_info.cc(625)] range at 0xfec10000, size 0xf84 fully unreadable
[0405/110753.133:ERROR:process_info.cc(625)] range at 0xfec0d000, size 0xf84 fully unreadable
[0405/110753.133:ERROR:process_info.cc(625)] range at 0xfec0a000, size 0xf84 fully unreadable
[0405/110753.134:ERROR:process_info.cc(625)] range at 0xfec07000, size 0xf84 fully unreadable
[0405/110753.134:ERROR:process_info.cc(625)] range at 0xfec04000, size 0xf84 fully unreadable
[0405/110753.134:ERROR:process_info.cc(625)] range at 0xfec01000, size 0xf84 fully unreadable
[0405/110753.134:ERROR:process_info.cc(625)] range at 0xfebfb000, size 0xf84 fully unreadable
[0405/110753.134:ERROR:process_info.cc(625)] range at 0xfebf8000, size 0xf84 fully unreadable
[0405/110753.134:ERROR:process_info.cc(625)] range at 0xfebf5000, size 0xf84 fully unreadable
[0405/110753.135:ERROR:process_info.cc(625)] range at 0xfebf2000, size 0xf84 fully unreadable
[0405/110753.135:ERROR:process_info.cc(625)] range at 0xfebec000, size 0xf84 fully unreadable
[0405/110753.135:ERROR:process_info.cc(625)] range at 0xfec13000, size 0xf84 fully unreadable
[0405/110753.135:ERROR:process_info.cc(625)] range at 0xfebe6000, size 0xf84 fully unreadable
[0405/110753.135:ERROR:process_info.cc(625)] range at 0xfebe3000, size 0xf84 fully unreadable
[0405/110753.135:ERROR:process_info.cc(625)] range at 0xfebe0000, size 0xf84 fully unreadable
[0424/110108.292:ERROR:process_info.cc(343)] VirtualQueryEx: Access is denied. (0x5)
[0424/110108.709:ERROR:process_info.cc(564)] ReadMemoryInfo failed
[0424/110108.709:ERROR:process_reader_win.cc(233)] ReadMemory at 0x71737dc8 of 12 bytes failed: Only part of a ReadProcessMemory or WriteProcessMemory request was completed. (0x12B)
[0424/110108.710:WARNING:process_snapshot_win.cc(68)] ReadMemory ExceptionInformation failed
[0424/110108.710:WARNING:crash_report_exception_handler.cc(60)] ProcessSnapshotWin::Initialize failed
[0424/110108.710:ERROR:scoped_process_suspend.cc(38)] NtResumeProcess: An attempt was made to access an exiting process.  (0xc000010a)
[1008/101414.302:ERROR:directory_reader_win.cc(43)] FindFirstFile: The system cannot find the path specified. (0x3)
[1012/102417.884:ERROR:directory_reader_win.cc(43)] FindFirstFile: The system cannot find the path specified. (0x3)
[1012/105657.607:ERROR:directory_reader_win.cc(43)] FindFirstFile: The system cannot find the path specified. (0x3)
[1012/135742.181:ERROR:directory_reader_win.cc(43)] FindFirstFile: The system cannot find the path specified. (0x3)
[1012/142504.088:ERROR:directory_reader_win.cc(43)] FindFirstFile: The system cannot find the path specified. (0x3)
[1012/163251.828:ERROR:directory_reader_win.cc(43)] FindFirstFile: The system cannot find the path specified. (0x3)
[1012/171121.902:ERROR:directory_reader_win.cc(43)] FindFirstFile: The system cannot find the path specified. (0x3)
[1012/175210.144:ERROR:directory_reader_win.cc(43)] FindFirstFile: The system cannot find the path specified. (0x3)
[1012/180430.603:ERROR:directory_reader_win.cc(43)] FindFirstFile: The system cannot find the path specified. (0x3)
[1012/184955.545:ERROR:directory_reader_win.cc(43)] FindFirstFile: The system cannot find the path specified. (0x3)
[1013/100609.094:ERROR:directory_reader_win.cc(43)] FindFirstFile: The system cannot find the path specified. (0x3)
[1016/094207.029:ERROR:directory_reader_win.cc(43)] FindFirstFile: The system cannot find the path specified. (0x3)
[1020/094811.149:ERROR:directory_reader_win.cc(43)] FindFirstFile: The system cannot find the path specified. (0x3)
[1020/095206.127:ERROR:directory_reader_win.cc(43)] FindFirstFile: The system cannot find the path specified. (0x3)
[1021/094906.895:ERROR:directory_reader_win.cc(43)] FindFirstFile: The system cannot find the path specified. (0x3)
[1021/111303.632:ERROR:directory_reader_win.cc(43)] FindFirstFile: The system cannot find the path specified. (0x3)
[1021/122413.386:ERROR:directory_reader_win.cc(43)] FindFirstFile: The system cannot find the path specified. (0x3)
[1021/124016.485:ERROR:directory_reader_win.cc(43)] FindFirstFile: The system cannot find the path specified. (0x3)
[1021/130428.140:ERROR:directory_reader_win.cc(43)] FindFirstFile: The system cannot find the path specified. (0x3)
[1021/132512.607:ERROR:directory_reader_win.cc(43)] FindFirstFile: The system cannot find the path specified. (0x3)
[1021/134116.879:ERROR:directory_reader_win.cc(43)] FindFirstFile: The system cannot find the path specified. (0x3)
[1021/164050.121:ERROR:directory_reader_win.cc(43)] FindFirstFile: The system cannot find the path specified. (0x3)
[1022/095945.932:ERROR:directory_reader_win.cc(43)] FindFirstFile: The system cannot find the path specified. (0x3)
[1022/103246.828:ERROR:directory_reader_win.cc(43)] FindFirstFile: The system cannot find the path specified. (0x3)
[1026/094819.937:ERROR:directory_reader_win.cc(43)] FindFirstFile: The system cannot find the path specified. (0x3)
[1026/095129.582:ERROR:directory_reader_win.cc(43)] FindFirstFile: The system cannot find the path specified. (0x3)
[1027/095511.588:ERROR:directory_reader_win.cc(43)] FindFirstFile: The system cannot find the path specified. (0x3)
[1028/094515.438:ERROR:directory_reader_win.cc(43)] FindFirstFile: The system cannot find the path specified. (0x3)
[1029/095941.363:ERROR:directory_reader_win.cc(43)] FindFirstFile: The system cannot find the path specified. (0x3)
[1030/100359.992:ERROR:directory_reader_win.cc(43)] FindFirstFile: The system cannot find the path specified. (0x3)
[1102/152339.880:ERROR:directory_reader_win.cc(43)] FindFirstFile: The system cannot find the path specified. (0x3)
[1103/152930.700:ERROR:directory_reader_win.cc(43)] FindFirstFile: The system cannot find the path specified. (0x3)
[1104/100336.551:ERROR:directory_reader_win.cc(43)] FindFirstFile: The system cannot find the path specified. (0x3)
[1109/100812.202:ERROR:directory_reader_win.cc(43)] FindFirstFile: The system cannot find the path specified. (0x3)
[1110/100340.509:ERROR:directory_reader_win.cc(43)] FindFirstFile: The system cannot find the path specified. (0x3)
[1111/075033.649:ERROR:directory_reader_win.cc(43)] FindFirstFile: The system cannot find the path specified. (0x3)
[1112/100039.311:ERROR:directory_reader_win.cc(43)] FindFirstFile: The system cannot find the path specified. (0x3)
[1118/095516.162:ERROR:directory_reader_win.cc(43)] FindFirstFile: The system cannot find the path specified. (0x3)
[1120/100012.081:ERROR:directory_reader_win.cc(43)] FindFirstFile: The system cannot find the path specified. (0x3)
[1126/101035.604:ERROR:directory_reader_win.cc(43)] FindFirstFile: The system cannot find the path specified. (0x3)
[1127/100633.896:ERROR:directory_reader_win.cc(43)] FindFirstFile: The system cannot find the path specified. (0x3)
[1201/100924.578:ERROR:directory_reader_win.cc(43)] FindFirstFile: The system cannot find the path specified. (0x3)
[1203/100815.589:ERROR:directory_reader_win.cc(43)] FindFirstFile: The system cannot find the path specified. (0x3)
[1209/102541.396:ERROR:directory_reader_win.cc(43)] FindFirstFile: The system cannot find the path specified. (0x3)
[1210/101708.376:ERROR:directory_reader_win.cc(43)] FindFirstFile: The system cannot find the path specified. (0x3)
[1211/101948.689:ERROR:directory_reader_win.cc(43)] FindFirstFile: The system cannot find the path specified. (0x3)
[1214/101503.528:ERROR:directory_reader_win.cc(43)] FindFirstFile: The system cannot find the path specified. (0x3)
[1216/102739.401:ERROR:directory_reader_win.cc(43)] FindFirstFile: The system cannot find the path specified. (0x3)
[1217/101903.853:ERROR:directory_reader_win.cc(43)] FindFirstFile: The system cannot find the path specified. (0x3)
[1222/100739.072:ERROR:directory_reader_win.cc(43)] FindFirstFile: The system cannot find the path specified. (0x3)
[1230/101026.961:ERROR:directory_reader_win.cc(43)] FindFirstFile: The system cannot find the path specified. (0x3)
[0113/101110.345:ERROR:directory_reader_win.cc(43)] FindFirstFile: The system cannot find the path specified. (0x3)
[0119/101534.338:ERROR:directory_reader_win.cc(43)] FindFirstFile: The system cannot find the path specified. (0x3)
[0120/100412.190:ERROR:directory_reader_win.cc(43)] FindFirstFile: The system cannot find the path specified. (0x3)
[0121/100922.652:ERROR:directory_reader_win.cc(43)] FindFirstFile: The system cannot find the path specified. (0x3)
[0122/104807.551:ERROR:directory_reader_win.cc(43)] FindFirstFile: The system cannot find the path specified. (0x3)
